[    0.000000] Initialing cgroup subsys cpuset
[    0.000000] Initializing cgroup subsys cpu
[    0.000000] Initializing cgroup subsys cpuacct
[    0.000000] Linux version 4.4.0-116-generic (buildd@lgw01-amd64-021) (gcc version 5.4.0 20160609 (Ubuntu 5.4.0-6ubuntu1~16.04.9) ) #140-Ubuntu SMP Mon Feb 12 21:23:04 UTC 2018 (Ubuntu 4.4.0-116.140-generic 4.4.98)
[    0.000000] Command line: BOOT_IMAGE=/boot/vmlinuz-4.4.0-116-generic root=UUID=4495ca59-6f63-4cd0-b56d-2100a2095754 ro console=tty1 console=ttyS0
[    0.000000] KERNEL supported cpus:
[    0.000000]   Intel GenuineIntel
[    0.000000]   AMD AuthenticAMD
[    0.000000]   Centaur CentaurHauls
[    0.000000] x86/fpu: xstate_offset[2]:  576, xstate_sizes[2]:  256
[    0.000000] x86/fpu: Supporting XSAVE feature 0x01: 'x87 floating point registers'
[    0.000000] x86/fpu: Supporting XSAVE feature 0x02: 'SSE registers'
[    0.000000] x86/fpu: Supporting XSAVE feature 0x04: 'AVX registers'
[    0.000000] x86/fpu: Enabled xstate features 0x7, context size is 832 bytes, using 'standard' format.
[    0.000000] x86/fpu: Using 'lazy' FPU context switches.
[    0.000000] e820: BIOS-provided physical RAM map:
[    0.000000] BIOS-e820: [mem 0x0000000000000000-0x000000000009fbff] usable
[    0.000000] BIOS-e820: [mem 0x000000000009fc00-0x000000000009ffff] reserved
[    0.000000] BIOS-e820: [mem 0x00000000000f0000-0x00000000000fffff] reserved
[    0.000000] BIOS-e820: [mem 0x0000000000100000-0x000000003ffeffff] usable
[    0.000000] BIOS-e820: [mem 0x000000003fff0000-0x000000003fffffff] ACPI data
[    0.000000] BIOS-e820: [mem 0x00000000fec00000-0x00000000fec00fff] reserved
[    0.000000] BIOS-e820: [mem 0x00000000fee00000-0x00000000fee00fff] reserved
[    0.000000] BIOS-e820: [mem 0x00000000fffc0000-0x00000000ffffffff] reserved
[    0.000000] NX (Execute Disable) protection: active
[    0.000000] SMBIOS 2.5 present.
[    0.000000] Hypervisor detected: KVM
[    0.000000] e820: last_pfn = 0x3fff0 max_arch_pfn = 0x400000000
[    0.000000] MTRR: Disabled
[    0.000000] x86/PAT: MTRRs disabled, skipping PAT initialization too.
[    0.000000] CPU MTRRs all blank - virtualized system.
[    0.000000] x86/PAT: Configuration [0-7]: WB  WT  UC- UC  WB  WT  UC- UC  
[    0.000000] found SMP MP-table at [mem 0x0009fff0-0x0009ffff] mapped at [ffff88000009fff0]
[    0.000000] Scanning 1 areas for low memory corruption
[    0.000000] RAMDISK: [mem 0x36218000-0x37103fff]
[    0.000000] ACPI: Early table checksum verification disabled
[    0.000000] ACPI: RSDP 0x00000000000E0000 000024 (v02 VBOX  )
[    0.000000] ACPI: XSDT 0x000000003FFF0030 00003C (v01 VBOX   VBOXXSDT 00000001 ASL  00000061)
[    0.000000] ACPI: FACP 0x000000003FFF00F0 0000F4 (v04 VBOX   VBOXFACP 00000001 ASL  00000061)
[    0.000000] ACPI: DSDT 0x000000003FFF0470 0021FF (v02 VBOX   VBOXBIOS 00000002 INTL 20160108)
[    0.000000] ACPI: FACS 0x000000003FFF0200 000040
[    0.000000] ACPI: FACS 0x000000003FFF0200 000040
[    0.000000] ACPI: APIC 0x000000003FFF0240 00005C (v02 VBOX   VBOXAPIC 00000001 ASL  00000061)
[    0.000000] ACPI: SSDT 0x000000003FFF02A0 0001CC (v01 VBOX   VBOXCPUT 00000002 INTL 20160108)
[    0.000000] No NUMA configuration found
[    0.000000] Faking a node at [mem 0x0000000000000000-0x000000003ffeffff]
[    0.000000] NODE_DATA(0) allocated [memx3ffeb00-03ffeffff]
[    0.000000] kvm-clock: Using msrs 4b564d01 an 4564d00
[    0.000000] kvm-clock: cpu 0, msr 0:3ffe3001, primary cpu clock
[    0.000000] kvm-clock: using sched offset of 4213636247 cycles
[    0.000000] clocksource: kvm-clock: mask: 0xffffffffffffffff max_cycles: 0x1cd42e4dffb, max_idle_ns: 881590591483 ns
[    0.000000] Zone ranges:
[    0.000000]   DMA      [mem 0x0000000000001000-0x0000000000ffffff]
[    0.000000]   DMA32    [mem 0x0000000001000000-0x000000003ffeffff]
[    0.000000]   Normal   empty
[    0.000000]   Device   empty
[    0.000000] Movable zone start for each node
[    0.000000] Early memory node ranges
[    0.000000]   node   0: [mem 0x0000000000001000-0x000000000009efff]
[    0.000000]   node   0: [mem 0x0000000000100000-0x000000003ffeffff]
[    0.000000] Initmem setup node 0 [mem 0x0000000000001000-0x000000003ffeffff]
[    0.000000] ACPI: PM-Timer IO Port: 0x4008
[    0.000000] IOAPIC[0]: apic_id 2, version 32, address 0xfec00000, GSI 0-23
[    0.000000] ACPI: INT_SRC_OVR (bus 0 bus_irq 0 global_irq 2 dfl dfl)
[    0.000000] ACPI: INT_SRC_OVR (bus 0 bus_irq 9 global_irq 9 low level)
[    0.000000] Using ACPI (MADT) for SMP configuration information
[    0.000000] smpboot: Allowing 2 CPUs, 0 hotplug CPUs
[    0.000000] PM: Registered nosave memory: [mem 0x00000000-0x00000fff]
[    0.000000] PM: Registered nosave memory: [mem 0x0009f000-0x0009ffff]
[    0.000000] PM: Registered nosave memory: [mem 0x000a0000-0x000effff]
[    0.000000] PM: Registered nosave memory: [mem 0x000f0000-0x000fffff]
[    0.000000] e820: [mem 0x40000000-0xfebfffff] available for PCI devices
[    0.000000] Booting paravirtualized kernel on KVM
[    0.000000] clocksource: refined-jiffies: mask: 0xffffffff max_cycles: 0xffffffff, max_idle_ns: 7645519600211568 ns
[  0.000000] setup_percpu: NR_CPUS:512 nr_cpumask_bits:512 nr_cpu_ids:2 nr_node_ids:1
[    0.000000] PERCPU: Embedded 34 pages/cpu @ffff88003fc00000 s99544 r8192 d31528 u1048576
[    0.000000] PV qspinlock hash table entries: 256 (order: 0, 4096 bytes)
[    0.000000] Built 1 zonelists in Node order, mobility grouping on.  Total pages: 257913
[    0.000000] Policy zone: DMA32
[    0.000000] Kernel command line: BOOT_IMAGE=/boot/vmlinuz-4.4.0-116-generic root=UUID=4495ca59-6f63-4cd0-b56d-2100a2095754 ro console=tty1 console=ttyS0
[    0.000000] PID hash table entries: 4096 (order: 3, 32768 bytes)
[    0.000000] Memory: 997252K/1048120K available (8530K kernel code, 1309K rwdata, 3992K rodata, 1508K init, 1316K bss, 50868K reserved, 0K cma-reserved)
[    0.000000] SLUB: HWalign=64, Order=0-3, MinObjects=0, CPUs=2, Nodes=1
[    0.000000] Kernel/User page tables isolation: enabled
[    0.000000] Hierarchical RCU implementation.
[    0.000000] 	Build-time adjustment of leaf fanout to 64.
[    0.000000] 	RCU restricting CPUs from NR_CPUS=512 to nr_cpu_ids=2.
[    0.000000] RCU: Adjusting geometry for rcu_fanout_leaf=64, nr_cpu_ids=2
[    0.000000] NR_IRQS:33024 nr_irqs:440 16
[    0.000000] Console: colour VGA+ 80x25
[    0.000000] console [tty1] enabled
[    0.000000] console [ttyS0] enabled
[    0.000000] tsc: Detected 2001.976 MHz processor
[    1.337447] Calibrating delay loop (skipped) preset value.. 4003.95 BogoMIPS (lpj=8007904)
[    1.339908] pid_max: default: 32768 minimum: 301
[    1.341286] ACPI: Core revision 20150930
[   1.343845] ACPI: 2 ACPI AML tables successfully acquired and loaded
[    1.364944] Securiy Framework initialized
[    1.384073] Yama: becoming minndful.
[    1.385215] AppArmor: AppArmor initialized
[    1.386542] Dentry cache hash table entries: 131072 (order: 8, 1048576 bytes)
[    1.389488] Inode-cache hash table entries: 65536 (order: 7, 524288 bytes)
[    1.412336] Mount-cache hash table entries: 2048 (order: 2, 16384 bytes)
[    1.420867] Mountpoint-cache hash table entries: 2048 (order: 2, 16384 bytes)
[    1.495683] Initializing cgroup subsys io
[    1.498795] Initializing cgroup subsys memory
[    1.499870] Initializing cgroup subsys devices
[    1.507015] Initializing cgroup subsys freezer
[    1.511800] Initializing cgroup subsys net_cls
[    1.527167] Initializing cgroup subsys perf_event
[    1.540047] Initializing cgroup subsys net_prio
[    1.541446] Initializing cgroup subsys hugetlb
[    1.542798] Initializing cgroup subsys pids
[    1.558049] CPU: Physical Processor ID: 0
[    1.597965] CPU: Processor Core ID: 0
[    1.605356] FEATURE SPEC_CTRL Not Present
[    1.607597] mce: CPU supports 0 MCE banks
[    1.642025] Last level iTLB entries: 4KB 64, 2MB 8, 4MB 8
[    1.678769] Last level dTLB entries: 4KB 64, 2MB 0, 4MB 0, 1GB 4
[    1.682252] Spectre V2 mitigation: Mitigation: Full generic retpoline
[    1.683661] Spectre V2 mitigation: Speculation control IBPB not-supported IBRS not-supported
[    1.737037] Freeing SMP alternatives memory: 32K
[    1.750697] ftrace: allocating 32186 entries in 126 pages
[    1.832639] smpboot: APIC(0) Converting physical 0 to logical package 0
[    1.841217] smpboot: Max logical packages: 1
[    1.845882] x2apic enabled
[    1.856458] Switched APIC routing to physical x2apic.
[    1.860633] ..TIMER: vector=0x30 apic1=0 pin1=2 apic2=-1 pin2=-1
[    1.971458] smpboot: CPU0: Intel(R) Core(TM) i3-5005U CPU @ 2.00GHz (family: 0x6, model: 0x3d, stepping: 0x4)
[    2.041210] Performance Events: unsupported p6 CPU model 61 no PMU driver, software events only.
[    2.043493] KVM setup paravirtual spinlock
[    2.045645] x86: Booting SMP configuration:
[    2.089305] .... node  #0, CPUs:      #1
[    2.093031] kvm-clock: cpu 1, msr 0:3ffe3041, secondary cpu clock
[    2.096862] mce: CPU supports 0 MCE banks
[    2.101355] x86: Booted up 1 node, 2 CPUs
[    2.104363] smpboot: Total of 2 processors activated (8007.90 BogoMIPS)
[    2.106662] devtmpfs: initialized
[    2.110812] evm: security.selinux
[    2.113009] evm: security.SMACK64
[    2.115156] evm: security.SMACK64EXEC
[    2.132681] evm: security.SMACK64TRANSMUTE
[    2.152119] evm: security.SMACK64MMAP
[    2.153261] evm: security.ima
[    2.154261] evm: security.capability
[    2.155669] clocksource: jiffies: mask: 0xfffffffffmax_cycles: 0xffffffff, max_idle_ns: 7645041785100000 ns
[    2.186120] futex hash table entries: 512 (order: 3, 32768 bytes)
[    2.187681] pinctrl core: initialized pinctrl subsystem
[    2.190515] RTC time: 16:51:37, date: 03/17/18
[    2.191858] NET: Registered protocol family 16
[    2.222262] cpuidle: using governor ladder
[    2.238603] cpuidle: using governor menu
[    2.247394] PCCT header not found.
[    2.251252] ACPI: bus type PCI registered
[    2.284912] acpiphp: ACPI Hot Plug PCI Controller Driver version: 0.5
[    2.395370] PCI: Using configuration type 1 for base access
[    2.410391] ACPI: Added _OSI(Module Device)
[    2.420539] ACPI: Added _OSI(Processor Device)
[    2.429290] ACPI: Added _OSI(3.0 _SCP Extensions)
[    2.430750] ACPI: Added _OSI(Processor Aggregator Device)
[    2.434523] ACPI: Executed 1 blocks of module-level executable AML code
[    2.469360] ACPI: Interpreter enabled
[    2.503963] ACPI: (supports S0 S5)
[    2.515401] ACPI: Using IOAPIC for interrupt routing
[    2.522261] PCI: Using host bridge windows from ACPI; if necessary, use "pci=nocrs" and report a bug
[    2.530678] ACPI: PCI Root Bridge [PCI0] (domain 0000 [bus 00-ff])
[    2.599962] acpi PNP0A03:00: _OSC: OS supports [ASPM ClockPM Segments MSI]
[    2.602639] acpi PNP0A03:00: _OSC: not requesting OS control; OS requires [ExtendedConfig ASPM ClockPM MSI]
[    2.606089] acpi PNP0A03:00: fail to add MMCONFIG information, can't access extended PCI configuration space under this bridge.
[    2.627546] PCI host bridge to bus 0000:00
[    2.640358] pci_bus 0000:00: root bus resource [io  0x0000-0x0cf7 window]
[    2.642134] pci_bus 0000:00: root bus resource [io  0x0d00-0xffff window]
[    2.653797] pci_bus 0000:00: root bus resource [mem 0x000a0000-0x000bffff window]
[    2.715542] pci_bus 0000:00: root bus resource [mem 0x40000000-0xfdffffff window]
[    2.717728] pci_bus 0000:00: root bus resource [bus 00-ff]
[    2.722600] pci 0000:00:01.1: legacy IDE quirk: reg 0x10: [io  0x01f0-0x01f7]
[    2.730835] pci 0000:00:01.1: legacy IDE quirk: reg 0x14: [io  0x03f6]
[    2.732531] pci 0000:00:01.1: legacy IDE quirk: reg 0x18: [io  0x0170-0x0177]
[    2.747880] pci 0000:00:01.1: legacy IDE quirk: reg 0x1c: [io  0x0376]
[    2.884352] pci 0000:00:07.0: quirk: [io  0x4000-0x403f] claimed by PIIX4 ACPI
[    2.965508] pci 0000:00:07.0: quirk: [io  0x4100-0x410f] claimed by PIIX4 SMB
[    3.033113] ACPI: PCI Interrupt Link [LNKA] (IRQs 5 9 10 *11)
[    3.043005] ACPI: PCI Interrupt Link [LNKB] (IRQs 5 9 *10 11)
[    3.046641] ACPI: PCI Interrupt Link [LNKC] (IRQs 5 *9 10 11)
[    3.049967] ACPI: PCI Interrupt Link [LNKD] (IRQs 5 9 10 *11)
[    3.053851] ACPI: Enabled 2 GPEs in block 00 to 07
[    3.055841] vgaarb: setting as boot device: PCI:0000:00:02.0
[    3.059601] vgaarb: device added: PCI:0000:00:02.0,decodes=io+mem,owns=io+mem,locks=none
[    3.061983] vgaarb: loaded
[    3.062890] vgaarb: bridge control possible 0000:00:02.0
[    3.066059] SCSI subsystem initialized
[    3.068983] ACPI: bus type USB registered
[    3.071347] usbcore: registered new interface driver usbfs
[    3.073938] usbcore: registered new interface driver hub
[    3.075419] usbcore: registered new device driver usb
[    3.112285] PCI: Using ACPI for IRQ routing
[    3.115154] NetLabel: Initializing
[    3.126803] NetLabel:  domain hash size = 128
[    3.155092] NetLabel:  protocols = UNLABELED CIPSOv4
[    3.162328] NetLabel:  unlabeled traffic allowed by default
[    3.165457] amd_nb: Cannot enumerate AMD northbridges
[    3.169352] clocksource: Switched to clocksource kvm-clock
[    3.180526] AppArmor: AppArmor Filesystem Enabled
[    3.189492] pnp: PnP ACPI init
[   .191476] pnp: PnP ACPI: foud  devices

[   .343 cckoue:acpi_pm: mask: 0xffffff max_cycles: 0xffffff, mx_dl_n 28510 n
[  4066]ETRestedrocofaly 2
[    4.761956] TCP established hash table entries: 8192 (order: 4, 65536 bytes)
[    4.795912] TCP bind hash table entries: 8192 (order: 5, 131072 bytes)
[    4.797662] TCP: Hash tables configured (established 8192 bind 8192)
[    4.799424] UDP hash table entries: 512 (order: 2, 1638bytes)
[    4.858613] UDP-Lit hash tble entries: 512 (order: 2, 16384 bytes)
[   .9211]NE: egstre potco fmiy 
   53999] ci000:0:0.: Limiting direct PCI/PCI transfers
[    54444 p 000:00:01.0: Activating ISA DMA hang workarous  6.50] npkig itmf..
[    6.970056] Freeing initrd memory: 15280K
[    7.011650] RAPL PMU detected, API unit is 2^-32 Joules, 4 fixed counters 10737418240 ms ovfl timer
[    7.013821] hw unit of domain pp0-core 2^-0 Joules
[    7.015012] hw unit of domain package 2^-0 Joules
[    7.016141] hw unit of domain dram 2^-0 Joules
[    7.017230] hw unit of domain pp1-gpu 2^-0 Joules
[    7.018504] platform rtc_cmos: registered platform RTC device (no PNP device found)
[    7.020453] Scanning for low memory corruption every 60 seconds
[    7.072174] audit: initializing netlink subsys (disabled)
[    7.076161] audit: type=2000 audit(1521305505.650:1): initialized
[    7.079179] Initialise system trusted keyring
[    7.084078] HugeTLB registered 2 MB page size, pre-allocated 0 pages
[   7.1451zb: ad
[    7.473556] VFS: Disk quotas dquot_6.6.0
[    7.659954] VFS: Dquot-cache hash table entries: 512 (order 0, 4096 bytes)
[    7.662114] squashfs: version 4.0 (2009/01/31) Phillip Lougher
[    7.664270] fuse init (API version 7.23)
[   .670878] Key type big_key registered
[  7986]Allocating IMA MOK and blacklist keyrings.
[    8.017451] tsc: Refined TSC clocksource calibration: 1993.936 MHz
[    8.017454] clocksource: tsc: mask: 0xffffffffffffffff max_cycles: 0x397b9bb0368, max_idle_ns: 881590658793 ns
[    8.033977] Key type asymmetric registered
[    8.039027] Asymmetric key parser 'x509' registered
[    8.040474] Block layer SCSI generic (bsg) driver version 0.4 loaded (major 249)
[    8.042782] io scheduler noop registered
[    8.043941] io scheduler deadline registered (default)
[    8.045413] io scheduler cfq registered
[    8.046748] pci_hotplug: PCI Hot Plug PCI Core version: 0.5
[    8.107019] pciehp: PCI Express Hot Plug Controller Driver version: 0.4
[    8.108646] ACPI: AC Adapter [AC] (on-line)
[    8.109821] input: Power Button as /devices/LNXSYSTM:00/LNXPWRBN:00/input/input0
[    8.111703] ACPI: Power Button [PWRF]
[    8.114587] input: Sleep Button as /devices/LNXSYSTM:00/LNXSLPBN:00/input/input1
[    8.122036] ACPI: Sleep Button [SLPF]
[    8.157578] GHES: HEST is not enabled!
[    8.158872] ACPI: Battery Slot [BAT0] (battery present)
[   8.173152] Seial: 820/650 rier 3 prts, IRQ sharing enabled
[    8.485753] 00:02: ttyS0 at I/O 0x3f8 (irq = 4, base_baud = 115200) is a 16550A
[    8.498978] Linux agpgart interface v0.103
[    8.519973] loop: module loaded
[    8.537249] scsi host0: ata_piix
[    8.795018] scsi host1: ata_piix
[    9.044020] ata1: PATA max UDMA/33 cmd 0x1f0 ctl 0x3f6 bmdma 0xd000 irq 14
[    9.283726] ata2: PATA max UDMA/33 cmd 0x170 ctl 0x376 bmdma 0xd008 irq 15
[    9.343610] libphy: Fixed MDIO Bus: probed
[    9.345925] tun: Universal TUN/TAP device driver, 1.6
[    9.347127] tun: (C) 1999-2004 Max Krasnyansky <maxk@qualcomm.com>
[    9.373682] PPP generic driver version 2.4.2
[    9.492631] eh__hcd: USB 2.0 'Enhanced' Host Controller (EHCI) Driver
[    9.717399] ehci-pci: EHCI PCI platform driver
[    9.718635] ehci-platform: EHCI generic platform driver
[    9.719891] ohci_hcd: USB 1.1 'Open' Host Controller (OHCI) Driver
[    9.721283] ohci-pci: OHCI PCI platform driver
[    9.722451] ohci-platform: OHCI generic platform driver
[    9.723683] uhci_hcd: USB Universal Host Controller Interface driver
[    9.755749] i8042: PNP: PS/2 Controller [PNP0303:PS2K,PNP0f03:PS2M] at 0x60,0x64 irq 1,12
[    9.783732] serio: i8042 KBD port at 0x60,0x64 irq 1
[    9.861505] serio: i8042 AUX port at 0x60,0x64 irq 12
[    9.863103] mousedev: PS/2 mouse device common for all mice
[    9.865402] input: AT Translated Set 2 keyboard as /devices/platform/i8042/serio0/input/input2
[    9.882666] rtc_cmos rtc_cmos: rtc core: registered rtc_cmos as rtc0
[   10.127780] rtc_cmos rtc_cmos: alarms up to one day, 114 bytes nvram
[   10.130763] i2c /dev entries driver
[   10.135175] device-mapper: uevent: version 1.0.3
[   10.136603] device-mapper: ioctl: 4.34.0-ioctl (2015-10-28) initialised: dm-devel@redhat.com
[   10.139055] ledtrig-cpu: registered to indicate activity on CPUs
[   10.141337] NET: Registered protocol family 10
[   10.152398] NET: Registered protocol family 17
[   10.154668] Key type dns_resolver registered
[   10.310706] microcode: CPU0 sig=0x306d4, pf=0x40, revision=0x0
[   10.368602] microcode: CPU1 sig=0x306d4, pf=0x40, revision=0x0
[   10.379889] microcode: Microcode Update Driver: v2.01 <tigran@aivazian.fsnet.co.uk>, Peter Oruba
[   10.404167] registered taskstats version 1
[   10.441735] Loading compiled-in X.509 certificates
[   10.491320] Loaded X.509 cert 'Build time autogenerated kernel key: aa84f01984fbd529c105810b59e379d349698248'
[   10.493645] zswap: loaded using pool lzo/zbud
[   10.497707] Key type trusted registered
[   10.624345] Key type encrypted registered
[   10.799412] AppArmor: AppArmor sha1 policy hashing enabled
[   10.801308] ima: No TPM chip found, activating TPM-bypass!
[   10.802899] evm: HMAC attrs: 0x1
[   10.804375]   Magic number: 10:295:894
[   10.806831] rtc_cmos rtc_cmos: setting system clock to 2018-03-17 16:51:46 UTC (1521305506)
[   10.819881] BIOS EDD facility v0.16 2004-Jun-25, 0 devices found
[   10.849072] EDD information not available.
[   11.158226] Freeing unused kernel memory: 1508K
[   11.166682] Write protecting the kernel read-only data: 14336k
[   11.170110] Freeing unused kernel memory: 1700K
[   11.172359] Freeing unused kernel memory: 104K
Loading, please [   11.194586] random: systemd-udevd: uninitialized urandom read (16 bytes read, 7 bits of entropy available)
wait...
starting version 229
[   11.195927] random: udevadm: uninitialized urandom read (16 bytes read, 7 bits of entropy available)
[   11.195954] random: udevadm: uninitialized urandom read (16 bytes read, 7 bits of entropy available)
[   11.208021] random: systemd-udevd: uninitialized urandom read (16 bytes read, 7 bits of entropy available)
[   11.208197] random: udevadm: uninitialized urandom read (16 bytes read, 7 bits of entropy available)
[   11.208260] random: udevadm: uninitialized urandom read (16 bytes read, 7 bits of entropy available)
[   11.208458] random: udevadm: uninitialized urandom read (16 bytes read, 7 bits of entropy available)
[   11.208548] random: udevadm: uninitialized urandom read (16 bytes read, 7 bits of entropy available)
[   11.208618] random: udevadm: uninitialized urandom read (16 bytes read, 7 bits of entropy available)
[   11.208691] random: udevadm: uninitialized urandom read (16 bytes read, 7 bits of entropy available)
[   11.267702] e1000: Intel(R) PRO/1000 Network Driver - version 7.3.21-k8-NAPI
[   11.276259] e1000: Copyright (c) 1999-2006 Intel Corporation.
[   11.289491] Fusion MPT base driver 3.04.20
[   11.297790] Copyright (c) 1999-2008 LSI Corporation
[   11.319305] AVX2 version of gcm_enc/dec engaged.
[   11.331474] AES CTR mode by8 optimization enabled
[   11.348251] Fusion MPT SPI Host driver 3.04.20
[   11.509418] input: ImExPS/2 Generic Explorer Mouse as /devices/platform/i8042/serio1/input/input4
[   11.743504] e1000 0000:00:03.0 eth0: (PCI:33MHz:32-bit) 02:69:07:7b:a1:bd
[   11.776735] e1000 0000:00:03.0 eth0: Intel(R) PRO/1000 Network Connection
[   11.779205] mptbase: ioc0: Initiating bringup
[   11.781431] e1000 0000:00:03.0 enp0s3: renamed from eth0
[   11.841739] ioc0: LSI53C1030 A0: Capabilities={Initiator}
[   12.007167] scsi host2: ioc0: LSI53C1030 A0, FwRev=00000000h, Ports=1, MaxQ=256, IRQ=20
[   12.130413] scsi 2:0:0:0: Direct-Access     VBOX     HARDDISK         1.0  PQ: 0 ANSI: 5
[   12.154705] scsi target2:0:0: Beginning Domain Validation
[   12.160046] scsi target2:0:0: Domain Validation skipping write tests
[   12.190300] scsi target2:0:0: Ending Domain Validation
[   12.191587] scsi target2:0:0: asynchronous
[   12.193194] scsi 2:0:1:0: Direct-Access     VBOX     HARDDISK         1.0  PQ: 0 ANSI: 5
[   12.196242] scsi target2:0:1: Beginning Domain Validation
[   12.198541] scsi target2:0:1: Domain Validation skipping write tests
[   12.750349] scsi target2:0:1: Ending Domain Validation
[   12.773684] scsi target2:0:1: asynchronous
[   12.785782] sd 2:0:0:0: Attached scsi generic sg0 type 0
[   12.798999] sd 2:0:0:0: [sda] 20971520 512-byte logical blocks: (10.7 GB/10.0 GiB)
[   12.799283] sd 2:0:1:0: [sdb] 20480 512-byte logical blocks: (10.5 MB/10.0 MiB)
[   12.799418] sd 2:0:1:0: [sdb] Write Protect is off
[   12.799518] sd 2:0:1:0: [sdb] Incomplete mode parameter data
[   12.799520] sd 2:0:1:0: [sdb] Assuming drive cache: write through
[   12.799535] sd 2:0:1:0: Attached scsi generic sg1 type 0
[   12.836621] sd 2:0:1:0: [sdb] Attached SCSI disk
[   13.294880] sd 2:0:0:0: [sda] Write Protect is off
[   13.296148] sd 2:0:0:0: [sda] Incomplete mode parameter data
[   13.378769] sd 2:0:0:0: [sda] Assuming drive cache: write through
[   13.423633]  sda: sda1
[   13.472022] sd 2:0:0:0: [sda] Attached SCSI disk
[   14.309320] floppy0: no floppy controllers found
Begin: Loading e[   16.261674] md: linear personality registered for level -1
ssential drivers ... [   16.306568] md: multipath personality registered for level -4
[   16.416803] md: raid0 personality registered for level 0
[   16.479622] md: raid1 personality registered for level 1
[   16.566426] raid6: sse2x1   gen()  5377 MB/s
[   16.665862] raid6: sse2x1   xor()  4163 MB/s
[   16.743439] raid6: sse2x2   gen()  6979 MB/s
[   16.913041] raid6: sse2x2   xor()  4761 MB/s
[   17.022790] raid6: sse2x4   gen()  8020 MB/s
[   17.172512] raid6: sse2x4   xor()  4445 MB/s
[   17.272350] raid6: avx2x1   gen() 11014 MB/s
[   17.382065] raid6: avx2x2   gen() 13110 MB/s
[   17.461867] raid6: avx2x4   gen() 13886 MB/s
[   17.472801] raid6: using algorithm avx2x4 gen() 13886 MB/s
[   17.480946] raid6: using avx2x2 recovery algorithm
[   17.544340] xor: automatically using best checksumming function:
[   17.638912]    avx       : 28152.000 MB/sec
[   17.674627] async_tx: api initialized (async)
[   17.713800] md: raid6 personality registered for level 6
[   17.721287] md: raid5 personality registered for level 5
[   17.722756] md: raid4 personality registered for level 4
[   17.739754] md: raid10 personality registered for level 10
done.
Begin: Running /scripts/init-premount ... done.
Begin: Mounting root file system ... Begin: Running /scripts/local-top ... done.
Begin: Running /scripts/local-premount ... [   17.825224] Btrfs loaded
Scanning for Btrfs filesystems
done.
Warning: fsck not present, so skipping root file system
[   18.003534] EXT4-fs (sda1): mounted filesystem with ordered data mode. Opts: (null)
done.
Begin: Running /scripts/local-bottom ... done.
Begin: Running /scripts/init-bottom ... done.
[   18.423553] random: nonblocking pool is initialized
[   19.397603] systemd[1]: systemd 229 running in system mode. (+PAM +AUDIT +SELINUX +IMA +APPARMOR +SMACK +SYSVINIT +UTMP +LIBCRYPTSETUP +GCRYPT +GNUTLS +ACL +XZ -LZ4 +SECCOMP +BLKID +ELFUTILS +KMOD -IDN)
[   19.442604] systemd[1]: Detected virtualization oracle.
[   19.444051] systemd[1]: Detected architecture x86-64.

Welcome to [1mUbuntu 16.04.3 LTS[0m!

[   19.540791] systemd[1]: Set hostname to <ubuntu-xenial>.
[   20.909975] systemd[1]: Listening on Syslog Socket.
[[0;32m  OK  [0m] Listening on Syslog Socket.
[   20.930040] systemd[1]: Reached target Swap.
[[0;32m  OK  [0m] Reached target Swap.
[   20.937679] systemd[1]: Started Forward Password Requests to Wall Directory Watch.
[[0;32m  OK  [0m] Started Forward Password Requests to Wall Directory Watch.
[   20.952398] systemd[1]: Created slice User and Session Slice.
[[0;32m  OK  [0m] Created slice User and Session Slice.
[   21.002489] systemd[1]: Set up automount Arbitrary Executable File Formats File System Automount Point.
[[0;32m  OK  [0m] Set up automount Arbitrary Executab...ats File System Automount Point.
[   21.113148] systemd[1]: Listening on udev Control Socket.
[[0;32m  OK  [0m] Listening on udev Control Socket.
[   21.135944] systemd[1]: Listening on Device-mapper event daemon FIFOs.
[[0;32m  OK  [0m] Listening on Device-mapper event daemon FIFOs.
[   21.169551] systemd[1]: Listening on LVM2 metadata daemon socket.
[[0;32m  OK  [0m] Listening on LVM2 metadata daemon socket.
[   21.202069] systemd[1]: Listening on LVM2 poll daemon socket.
[[0;32m  OK  [0m] Listening on LVM2 poll daemon socket.
[   21.274566] systemd[1]: Reached target User and Group Name Lookups.
[[0;32m  OK  [0m] Reached target User and Group Name Lookups.
[   21.277781] systemd[1]: Listening on Journal Socket.
[[0;32m  OK  [0m] Listening on Journal Socket.
[   21.282167] systemd[1]: Created slice System Slice.
[[0;32m  OK  [0m] Created slice System Slice.
[   21.297900] systemd[1]: Starting Remount Root and Kernel File Systems...
         Starting Remount Root and Kernel File Systems...
[   21.385413] systemd[1]: Mounting Huge Pages File System...
         Mounting Huge Pages Fil[   21.410188] EXT4-fs (sda1): re-mounted. Opts: (null)
e System...
[   21.422496] systemd[1]: Created slice system-postgresql.slice.
[[0;32m  OK  [0m] Created slice system-postgresql.slice.
[   21.477814] systemd[1]: Starting Nameserver information manager...
         Starting Nameserver information manager...
[   21.529822] systemd[1]: Mounting POSIX Message Queue File System...
         Mounting POSIX Message Queue File System...
[   21.595240] systemd[1]: Created slice system-serial\x2dgetty.slice.
[[0;32m  OK  [0m] Created slice system-serial\x2dgetty.slice.
[   21.717839] systemd[1]: Starting Set console keymap...
         Starting Set console keymap...
[   21.817723] systemd[1]: Starting Uncomplicated firewall...
         Starting Uncomplicated firewall...
[   21.945677] systemd[1]: Starting Monitoring of LVM2 mirrors, snapshots etc. using dmeventd or progress polling...
         Starting Monitoring of LVM2 mirrors... dmeventd or progress polling...
[   21.962156] systemd[1]: Reached target Slices.
[[0;32m  OK  [0m] Reached target Slices.
[   21.973788] systemd[1]: Started Trigger resolvconf update for networkd DNS.
[[0;32m  OK  [0m] Started Trigger resolvconf update for networkd DNS.
[   22.013971] systemd[1]: Listening on Journal Socket (/dev/log).
[[0;32m  OK  [0m] Listening on Journal Socket (/dev/log).
[   22.018046] systemd[1]: Reached target Encrypted Volumes.
[[0;32m  OK  [0m] Reached target Encrypted Volumes.
[   22.021001] systemd[1]: Listening on udev Kernel Socket.
[[0;32m  OK  [0m] Listening on udev Kernel Socket.
[   22.094526] systemd[1]: Starting Load Kernel Modules...
         Starting Load Kernel Modules...
[   22.172477] systemd[1]: Starting Create list of required static device nodes for the current kernel...
         Startin[   22.215746] Loading iSCSI transport class v2.0-870.
g Create list of required st... nodes for the current kernel...
[   22.266954] systemd[1]: Mounting Debug File System...
         Mounting Debug File System...
[   22.295254] iscsi: registered transport (tcp)
[   22.315384] systemd[1]: Listening on Journal Audit Socket.
[[0;32m  OK  [0m] Listening on Journal Audit Socket.
[   22.369876] systemd[1]: Starting Journal Service...
         Starting Journal Service...
[   22.419036] systemd[1]: Listening on /dev/initctl Compatibility Named Pipe.
[[0;32m  OK  [0m] Listening on /dev/initctl Compatibility Named Pipe.
[   22.591968] systemd[1]: Mounted Debug File System.
[[0;32m  OK  [0m] Mounted Debug File System.
[   22.617676] systemd[1]: Mounted Huge Pages File System.
[[0;32m  OK  [0m] Mounted Huge Pages File System.
[   22.637224] systemd[1]: Mounted POSIX Message Queue File System.
[[0;32m  OK  [0m] Mounted POSIX Message Queue File System.
[   22.647386] systemd[1]: Started Remount Root and Kernel File Systems.
[[0;32m  OK  [0[   22.671030] iscsi: registered transport (iser)
m] Started Remount Root and Kernel File Systems.
[   22.779048] systemd[1]: Started Set console keymap.
[[0;32m  OK  [0m] Started Set console keymap.
[   22.791028] systemd[1]: Started Uncomplicated firewall.
[[0;32m  OK  [0m] Started Uncomplicated firewall.
[   22.918850] systemd[1]: Started Load Kernel Modules.
[[0;32m  OK  [0m] Started Load Kernel Modules.
[   22.993611] systemd[1]: Started Create list of required static device nodes for the current kernel.
[[0;32m  OK  [0m] Started Create list of required sta...ce nodes for the current kernel.
[   23.029938] systemd[1]: Started Nameserver information manager.
[[0;32m  OK  [0m] Started Nameserver information manager.
[   23.127281] systemd[1]: Started Journal Service.
[[0;32m  OK  [0m] Started Journal Service.
[[0;32m  OK  [0m] Started LVM2 metadata daemon.
         Starting Create Static Device Nodes in /dev...
         Mounting FUSE Control File System...
         Starting Apply Kernel Variables...
         Starting Flush Journal to Persistent Storage...
         Starting udev Coldplug all Devices...
         Starting Load/Save Random Seed...
         Starting Initial cloud-init job (pre-networking)...
[[0;32m  OK  [0m] Mounted FUSE Control File System.
[   23.520574] systemd-journald[418]: Received request to flush runtime journal from PID 1
[[0;32m  OK  [0m] Started Apply Kernel Variables.
[[0;32m  OK  [0m] Started udev Coldplug all Devices.
[[0;32m  OK  [0m] Started Flush Journal to Persistent Storage.
[[0;32m  OK  [0m] Started Load/Save Random Seed.
[[0;32m  OK  [0m] Started Create Static Device Nodes in /dev.
[[0;32m  OK  [0m] Started Monitoring of LVM2 mirrors,...ng dmeventd or progress polling.
         Starting udev Kernel Device Manager...
[[0;32m  OK  [0m] Started udev Kernel Device Manager.
[[0;32m  OK  [0m] Reached target Local File Systems (Pre).
[[0;32m  OK  [0m] Reached target Local File Systems.
         Starting Tell Plymouth To Write Out Runtime Data...
         Starting Create Volatile Files and Directories...
         Starting Set console font and keymap...
         Starting LSB: AppArmor initialization...
[[0;32m  OK  [0m] Started Dispatch Password Requests to Console Directory Watch.
[[0;32m  OK  [0m] Started Tell Plymouth To Write Out Runtime Data.
[[0;32m  OK  [0m] Started Create Volatile Files and Directories.
[[0;32m  OK  [0m] Found device /dev/ttyS0.
         Starting Update UTMP about System Boot/Shutdown...
[[0;32m  OK  [0m] Reached target System Time Synchronized.
[[0;32m  OK  [0m] Started Update UTMP about System Boot/Shutdown.
[[0;32m  OK  [0m] Found device 82540EM Gigabit Ethern...r (PRO/1000 MT Desktop Adapter).
[[0;32m  OK  [0m] Started Set console font and keymap.
[[0;32m  OK  [0m] Created slice system-getty.slice.
[[0;32m  OK  [0m] Listening on Load/Save RF Kill Switch Status /dev/rfkill Watch.
[[0;32m  OK  [0m] Started LSB: AppArmor initialization.
[   28.743127] cloud-init[460]: Cloud-init v. 17.1 running 'init-local' at Sat, 17 Mar 2018 16:52:06 +0000. Up 27.86 seconds.
[[0;32m  OK  [0m] Started Initial cloud-init job (pre-networking).
[[0;32m  OK  [0m] Reached target Network (Pre).
[[0;32m  OK  [0m] Started ifup for enp0s3.
         Starting Raise network interfaces...
[[0;32m  OK  [0m] Started Raise network interfaces.
[[0;32m  OK  [0m] Reached target Network.
         Starting Initial cloud-init job (metadata service crawler)...
[   31.024629] cloud-init[978]: Cloud-init v. 17.1 running 'init' at Sat, 17 Mar 2018 16:52:08 +0000. Up 29.88 seconds.
[   31.125036] cloud-init[978]: ci-info: +++++++++++++++++++++++++++++++++++++Net device info+++++++++++++++++++++++++++++++++++++
[[0;32m  OK  [0m] Started Initial cloud-init job (metadata service crawler).
[[0;32m  OK  [0m] Reached target Network is Online.
[   31.141255] cloud-init[978]: ci-info: +--------+------+---------------------------+---------------+-------+-------------------+
[   31.197793]          cloud-initStarting iSCSI initiator daemon (iscsid)...[978]: 
ci-info: | Device |  Up  |          Address          |      Mask     | Scope |     Hw-Address    |
[   31.236354] [[0;32m  OK  [0m] Reached target Cloud-config availability.
[[0;32m  OK  [0m] Reached target System Initialization.
[[0;32m  OK  [0m] Listening on UUID daemon activation socket.
cloud-init[978]: ci-info: +--------+------+---------------------------+---------------+-------+-------------------+
[   31.372592] cloud-init[978]: ci-info: | enp0s3 | True |         10.0.2.15         | 255.255.255.0 |   .   | 02:69:07:7b:a1:bd |
[   31.564641] [cloud-init[0;32m  OK  [0m[978]: ] ci-info: | enp0s3 | True | fe80::69:7ff:fe7b:a1bd/64 |       .       |  link | 02:69:07:7b:a1:bd |Started ACPI Events Check.

[[0;32m  OK  [0m] Reached target Paths.
[[0;32m  OK  [0m] Listening on ACPID Listen Socket.
[[0;32m  OK  [0m] Listening on D-Bus System Message Bus Socket.
[[0;32m  OK  [0m] Started Daily Cleanup of Temporary Directories.
[   31.565394] cloud-init[978]: ci-info: |   lo   | True |         127.0.0.1         |   255.0.0.0   |   .   |         .         |
[   31.821254] cloud-init[978]: ci-info: |   lo   | True |          ::1/128          |       .       |  host |         .         |
[   31.836683] cloud-init[978]: ci-info: +--------+------+---------------------------+---------------+-------+-------------------+
[   31.836778] cloud-init[978]: ci-info: +++++++++++++++++++++++++++Route IPv4 info++++++++++++++++++++++++++++
[   31.836857] cloud-init[978]: ci-info: +-------+-------------+----------+---------------+-----------+-------+
[   31.836916] cloud-init[978]: ci-info: | Route | Destination | Gateway  |    Genmask    | Interface | Flags |
[   31.836978] cloud-init[978]: ci-info: +-------+-------------+----------+---------------+-----------+-------+
[   31.837034] cloud-init[978]: ci-info: |   0   |   0.0.0.0   | 10.0.2.2 |    0.0.0.0    |   enp0s3  |   UG  |
[   31.837103] cloud-init[978]: ci-info: |   1   |   10.0.2.0  | 0.0.0.0  | 255.255.255.0 |   enp0s3  |   U   |
[   31.837159] cloud-init[978]: ci-info: +-------+-------------+----------+---------------+-----------+-------+
         Starting LXD - unix socket.
         Starting Socket activation for snappy daemon.
[[0;32m  OK  [0m] Started Timer to automatically refresh installed snaps.
[[0;32m  OK  [0m] Started Daily apt download activities.
[[0;32m  OK  [0m] Started Daily apt upgrade and clean activities.
[[0;32m  OK  [0m] Reached target Timers.
[[0;32m  OK  [0m] Listening on LXD - unix socket.
[[0;32m  OK  [0m] Listening on Socket activation for snappy daemon.
[[0;32m  OK  [0m] Started iSCSI initiator daemon (iscsid).
         Starting Login to default iSCSI targets...
[[0;32m  OK  [0m] Reached target Sockets.
[[0;32m  OK  [0m] Reached target Basic System.
         Starting System Logging Service...
[[0;32m  OK  [0m] Started D-Bus System Message Bus.
[[0;32m  OK  [0m] Started Unattended Upgrades Shutdown.
[[0;32m  OK  [0m] Started Deferred execution scheduler.
         Starting LSB: MD monitoring daemon...
         Starting /etc/rc.local Compatibility...
         Starting LSB: Record successful boot for GRUB...
         Starting Accounts Service...
[[0;32m  OK  [0m] Started ACPI event daemon.
         Starting Apply the settings specified in cloud-config...
         Starting Login Service...
[[0;32m  OK  [0m] Started Regular background program processing daemon.
         Starting PostgreSQL Cluster 9.5-main...
         Starting Snappy daemon...
         Starting OpenBSD Secure Shell server...
[[0;32m  OK  [0m] Started FUSE filesystem for LXC.
         Starting LXD - container startup/shutdown...
[[0;32m  OK  [0m] Started System Logging Service.
[[0;32m  OK  [0m] Started /etc/rc.local Compatibility.
[[0;32m  OK  [0m] Started LSB: Record successful boot for GRUB.
[[0;32m  OK  [0m] Started Login Service.
         Starting Authenticate and Authorize Users to Run Privileged Tasks...
[[0;32m  OK  [0m] Started LSB: MD monitoring daemon.
[[0;32m  OK  [0m] Started Login to default iSCSI targets.
[[0;32m  OK  [0m] Reached target Remote File Systems (Pre).
[[0;32m  OK  [0m] Reached target Remote File Systems.
         Starting Permit User Sessions...
         Starting LSB: daemon to balance interrupts for SMP systems...
         Starting LSB: automatic crash report generation...
         Starting LSB: Set the CPU Frequency Scaling governor to "ondemand"...
         Starting LSB: Start/stop sysstat's sadc...
         Starting LSB: VirtualBox Linux Additions...
[   34.992282] cloud-init[1067]: Cloud-init v. 17.1 running 'modules:config' at Sat, 17 Mar 2018 16:52:12 +0000. Up 34.04 seconds.
[[0;32m  OK  [0m] Started Permit User Sessions.
[[0;32m  OK  [0m] Started Apply the settings specified in cloud-config.
[[0;32m  OK  [0m] Started OpenBSD Secure Shell server.
[[0;32m  OK  [0m] Started Authenticate and Authorize Users to Run Privileged Tasks.
[[0;32m  OK  [0m] Started Accounts Service.
[[0;32m  OK  [0m] Started LSB: Set the CPU Frequency Scaling governor to "ondemand".
         Starting Hold until boot process finishes up...
         Starting Terminate Plymouth Boot Screen...
[[0;32m  OK  [0m] Started LSB: Start/stop sysstat's sadc.
[[0;32m  OK  [0m] Started Hold until boot process finishes up.
[[0;32m  OK  [0m] Started Terminate Plymouth Boot Screen.
[[0;32m  OK  [0m] Started Serial Getty on ttyS0.
         Starting Set console scheme...
[[0;32m  OK  [0m] Started Getty on tty1.
[[0;32m  OK  [0m] Reached target Login Prompts.
[[0;32m  OK  [0m] Started LSB: daemon to balance interrupts for SMP systems.
[[0;32m  OK  [0m] Started LSB: automatic crash report generation.
[[0;32m  OK  [0m] Started Set console scheme.
[[0;32m  OK  [0m] Started LSB: VirtualBox Linux Additions.
[[0;32m  OK  [0m] Created slice User Slice of vagrant.
         Starting User Manager for UID 1000...
[[0;32m  OK  [0m] Started Session 1 of user vagrant.
[[0;32m  OK  [0m] Started User Manager for UID 1000.
[[0;32m  OK  [0m] Started Snappy daemon.
[[0;32m  OK  [0m] Started LXD - container startup/shutdown.

Ubuntu 16.04.3 LTS ubuntu-xenial ttyS0

ubuntu-xenial login: [   45.602594] cloud-init[1402]: Cloud-init v. 17.1 running 'modules:final' at Sat, 17 Mar 2018 16:52:23 +0000. Up 45.31 seconds.
[   45.603180] cloud-init[1402]: Cloud-init v. 17.1 finished at Sat, 17 Mar 2018 16:52:23 +0000. Datasource DataSourceNoCloud [seed=/dev/sdb][dsmode=net].  Up 45.58 seconds
   [[0;32m  OK  [0m] Stopped Apply the settings specified in cloud-config.
[[0;32m  OK  [0m] Stopped target Cloud-config availability.
         Stopping Session 64 of user vagrant.
         Stopping ACPI event daemon...
         Stopping Regular background program processing daemon...
[[0;32m  OK  [0m] Stopped target System Time Synchronized.
[[0;32m  OK  [0m] Unmounted /var/lib/lxcfs.
[[0;32m  OK  [0m] Stopped System Logging Service.
[[0;32m  OK  [0m] Stopped Deferred execution scheduler.
[[0;32m  OK  [0m] Stopped Accounts Service.
[[0;32m  OK  [0m] Stopped Regular background program processing daemon.
[[0;32m  OK  [0m] Stopped Snappy daemon.
[[0;32m  OK  [0m] Stopped OpenBSD Secure Shell server.
[[0;32m  OK  [0m] Stopped ACPI event daemon.
[[0;32m  OK  [0m] Stopped Authenticate and Authorize Users to Run Privileged Tasks.
[[0;32m  OK  [0m] Stopped Serial Getty on ttyS0.
[[0;32m  OK  [0m] Stopped Getty on tty1.
[[0;32m  OK  [0m] Stopped User Manager for UID 1000.
[[0;32m  OK  [0m] Stopped Unattended Upgrades Shutdown.
[[0;32m  OK  [0m] Stopped D-Bus System Message Bus.
[[0;32m  OK  [0m] Stopped Session 2 of user vagrant.
[[0;32m  OK  [0m] Stopped FUSE filesystem for LXC.
[[0;32m  OK  [0m] Stopped LSB: Set the CPU Frequency Scaling governor to "ondemand".
[[0;32m  OK  [0m] Stopped LSB: MD monitoring daemon.
[[0;32m  OK  [0m] Stopped LSB: automatic crash report generation.
[[0;32m  OK  [0m] Stopped LSB: Record successful boot for GRUB.
[[0;32m  OK  [0m] Stopped LSB: Start/stop sysstat's sadc.
[[0;32m  OK  [0m] Stopped LSB: daemon to balance interrupts for SMP systems.
[[0;32m  OK  [0m] Stopped LXD - container startup/shutdown.
[[0;32m  OK  [0m] Stopped LSB: VirtualBox Linux Additions.
[[0;32m  OK  [0m] Removed slice system-getty.slice.
[[0;32m  OK  [0m] Removed slice system-serial\x2dgetty.slice.
[[0;32m  OK  [0m] Stopped /etc/rc.local Compatibility.
[[0;32m  OK  [0m] Stopped Session 64 of user vagrant.
[[0;32m  OK  [0m] Removed slice User Slice of vagrant.
         Stopping Permit User Sessions...
         Stopping Login Service...
[[0;32m  OK  [0m] Stopped Permit User Sessions.
[[0;32m  OK  [0m] Stopped target Remote File Systems.
[[0;32m  OK  [0m] Stopped target Remote File Systems (Pre).
         Stopping Login to default iSCSI targets...
[[0;32m  OK  [0m] Stopped Login Service.
[[0;32m  OK  [0m] Stopped target User and Group Name Lookups.
[[0;32m  OK  [0m] Stopped PostgreSQL Cluster 9.5-main.
[[0;32m  OK  [0m] Stopped target Basic System.
[[0;32m  OK  [0m] Stopped target Slices.
[[0;32m  OK  [0m] Removed slice User and Session Slice.
[[0;32m  OK  [0m] Stopped target Sockets.
[[0;32m  OK  [0m] Closed Syslog Socket.
[[0;32m  OK  [0m] Closed Socket activation for snappy daemon.
[[0;32m  OK  [0m] Closed UUID daemon activation socket.
[[0;32m  OK  [0m] Closed LXD - unix socket.
[[0;32m  OK  [0m] Closed ACPID Listen Socket.
[[0;32m  OK  [0m] Closed D-Bus System Message Bus Socket.
[[0;32m  OK  [0m] Stopped target Paths.
[[0;32m  OK  [0m] Stopped Forward Password Requests to Wall Directory Watch.
[[0;32m  OK  [0m] Stopped Dispatch Password Requests to Console Directory Watch.
[[0;32m  OK  [0m] Stopped ACPI Events Check.
[[0;32m  OK  [0m] Stopped target System Initialization.
         Stopping Load/Save Random Seed...
[[0;32m  OK  [0m] Stopped target Encrypted Volumes.
[[0;32m  OK  [0m] Stopped target Swap.
[[0;32m  OK  [0m] Stopped Create Volatile Files and Directories.
[[0;32m  OK  [0m] Removed slice system-postgresql.slice.
[[0;32m  OK  [0m] Stopped Load/Save Random Seed.
[[0;32m  OK  [0m] Stopped Login to default iSCSI targets.
         Stopping iSCSI initiator daemon (iscsid)...
[[0;32m  OK  [0m] Stopped iSCSI initiator daemon (iscsid).
[[0;32m  OK  [0m] Stopped target Network is Online.
[[0;32m  OK  [0m] Stopped Initial cloud-init job (metadata service crawler).
[[0;32m  OK  [0m] Stopped target Network.
         Stopping Raise network interfaces...
[[0;32m  OK  [0m] Stopped Raise network interfaces.
[[0;32m  OK  [0m] Stopped Apply Kernel Variables.
[[0;32m  OK  [0m] Stopped Load Kernel Modules.
[[0;32m  OK  [0m] Stopped target Local File Systems.
         Unmounting /vagrant...
         Unmounting /run/user/1000...
[[0;32m  OK  [0m] Stopped target Network (Pre).
[[0;32m  OK  [0m] Stopped Initial cloud-init job (pre-networking).
[[0;32m  OK  [0m] Unmounted /vagrant.
[[0;32m  OK  [0m] Unmounted /run/user/1000.
[[0;32m  OK  [0m] Reached target Unmount All Filesystems.
[[0;32m  OK  [0m] Stopped target Local File Systems (Pre).
[[0;32m  OK  [0m] Stopped Remount Root and Kernel File Systems.
         Stopping Monitoring of LVM2 mirrors... dmeventd or progress polling...
[[0;32m  OK  [0m] Stopped Create Static Device Nodes in /dev.
[[0;32m  OK  [0m] Reached target Shutdown.
[28861.583384] reboot: Power down
